2024-07-30 22:58:43.329 | INFO     | __main__:main:188 - Build train dataset with 900 samples and val dataset with 100 samples
2024-07-30 23:00:35.985 | INFO     | __main__:main:188 - Build train dataset with 900 samples and val dataset with 100 samples
2024-07-30 23:00:41.486 | INFO     | __main__:main:194 - Build train dataloader with 8 batches and val dataloader with 1 batches
2024-07-30 23:02:36.177 | INFO     | __main__:main:188 - Build train dataset with 900 samples and val dataset with 100 samples
2024-07-30 23:02:36.179 | INFO     | __main__:main:194 - Build train dataloader with 8 batches and val dataloader with 1 batches
2024-07-30 23:03:07.174 | INFO     | __main__:do_train:67 - Use EarlyStop
2024-07-30 23:03:58.111 | INFO     | __main__:main:188 - Build train dataset with 900 samples and val dataset with 100 samples
2024-07-30 23:03:58.113 | INFO     | __main__:main:194 - Build train dataloader with 8 batches and val dataloader with 1 batches
2024-07-30 23:03:58.252 | INFO     | __main__:do_train:67 - Use EarlyStop
2024-07-30 23:05:08.659 | INFO     | __main__:main:188 - Build train dataset with 900 samples and val dataset with 100 samples
2024-07-30 23:05:08.661 | INFO     | __main__:main:194 - Build train dataloader with 8 batches and val dataloader with 1 batches
2024-07-30 23:05:08.794 | INFO     | __main__:do_train:67 - Use EarlyStop
2024-07-30 23:07:21.463 | INFO     | __main__:main:188 - Build train dataset with 900 samples and val dataset with 100 samples
2024-07-30 23:07:21.464 | INFO     | __main__:main:194 - Build train dataloader with 8 batches and val dataloader with 1 batches
2024-07-30 23:07:21.596 | INFO     | __main__:do_train:67 - Use EarlyStop
2024-07-30 23:08:25.450 | INFO     | __main__:main:188 - Build train dataset with 900 samples and val dataset with 100 samples
2024-07-30 23:08:25.452 | INFO     | __main__:main:194 - Build train dataloader with 8 batches and val dataloader with 1 batches
2024-07-30 23:08:25.586 | INFO     | __main__:do_train:67 - Use EarlyStop
2024-07-30 23:11:43.675 | INFO     | __main__:main:188 - Build train dataset with 900 samples and val dataset with 100 samples
2024-07-30 23:11:43.677 | INFO     | __main__:main:194 - Build train dataloader with 8 batches and val dataloader with 1 batches
2024-07-30 23:11:43.810 | INFO     | __main__:do_train:67 - Use EarlyStop
2024-07-30 23:12:44.948 | INFO     | __main__:main:188 - Build train dataset with 900 samples and val dataset with 100 samples
2024-07-30 23:12:44.949 | INFO     | __main__:main:194 - Build train dataloader with 8 batches and val dataloader with 1 batches
2024-07-30 23:12:45.076 | INFO     | __main__:do_train:67 - Use EarlyStop
2024-07-30 23:14:38.881 | INFO     | __main__:main:187 - Build train dataset with 900 samples and val dataset with 100 samples
2024-07-30 23:14:38.883 | INFO     | __main__:main:193 - Build train dataloader with 8 batches and val dataloader with 1 batches
2024-07-30 23:14:39.015 | INFO     | __main__:do_train:67 - Use EarlyStop
2024-07-30 23:16:22.850 | INFO     | __main__:main:187 - Build train dataset with 693441 samples and val dataset with 77050 samples
2024-07-30 23:16:22.851 | INFO     | __main__:main:193 - Build train dataloader with 5418 batches and val dataloader with 602 batches
2024-07-30 23:16:22.995 | INFO     | __main__:do_train:67 - Use EarlyStop
2024-07-30 23:22:35.383 | INFO     | __main__:main:187 - Build train dataset with 693441 samples and val dataset with 77050 samples
2024-07-30 23:22:35.384 | INFO     | __main__:main:193 - Build train dataloader with 5418 batches and val dataloader with 602 batches
2024-07-30 23:22:35.526 | INFO     | __main__:do_train:67 - Use EarlyStop
2024-07-30 23:35:59.959 | INFO     | __main__:main:187 - Build train dataset with 693441 samples and val dataset with 77050 samples
2024-07-30 23:35:59.960 | INFO     | __main__:main:193 - Build train dataloader with 5418 batches and val dataloader with 602 batches
2024-07-30 23:36:00.104 | INFO     | __main__:do_train:67 - Use EarlyStop
2024-07-30 23:41:08.764 | INFO     | __main__:main:187 - Build train dataset with 693441 samples and val dataset with 77050 samples
2024-07-30 23:41:08.765 | INFO     | __main__:main:193 - Build train dataloader with 5418 batches and val dataloader with 602 batches
2024-07-30 23:41:08.909 | INFO     | __main__:do_train:67 - Use EarlyStop
2024-07-30 23:51:58.556 | INFO     | __main__:main:187 - Build train dataset with 693441 samples and val dataset with 77050 samples
2024-07-30 23:51:58.558 | INFO     | __main__:main:193 - Build train dataloader with 5418 batches and val dataloader with 602 batches
2024-07-30 23:51:58.739 | INFO     | __main__:do_train:67 - Use EarlyStop
2024-07-30 23:58:55.152 | INFO     | __main__:main:187 - Build train dataset with 693441 samples and val dataset with 77050 samples
2024-07-30 23:58:55.153 | INFO     | __main__:main:193 - Build train dataloader with 5418 batches and val dataloader with 602 batches
2024-07-30 23:58:55.298 | INFO     | __main__:do_train:67 - Use EarlyStop
2024-07-31 00:03:05.586 | INFO     | __main__:main:187 - Build train dataset with 693441 samples and val dataset with 77050 samples
2024-07-31 00:03:05.586 | INFO     | __main__:main:193 - Build train dataloader with 5418 batches and val dataloader with 602 batches
2024-07-31 00:03:05.726 | INFO     | __main__:do_train:67 - Use EarlyStop
2024-07-31 16:54:53.024 | INFO     | __main__:main:190 - Build train dataset with 693441 samples and val dataset with 77050 samples
2024-07-31 16:56:20.146 | INFO     | __main__:main:190 - Build train dataset with 693441 samples and val dataset with 77050 samples
2024-07-31 16:56:20.147 | INFO     | __main__:main:196 - Build train dataloader with 10836 batches and val dataloader with 1204 batches
2024-07-31 16:56:20.283 | INFO     | __main__:do_train:69 - Use EarlyStop
2024-07-31 23:34:12.276 | INFO     | __main__:do_train:82 - Build train dataset with 693441 samples and val dataset with 77050 samples
2024-07-31 23:34:12.277 | INFO     | __main__:do_train:97 - Build train dataloader with 10836 batches and val dataloader with 1204 batches
2024-07-31 23:34:17.457 | INFO     | __main__:do_train:153 - Use EarlyStop
2024-07-31 23:35:12.170 | INFO     | __main__:do_train:82 - Build train dataset with 693441 samples and val dataset with 77050 samples
2024-07-31 23:35:12.171 | INFO     | __main__:do_train:97 - Build train dataloader with 10836 batches and val dataloader with 1204 batches
2024-07-31 23:35:15.484 | INFO     | __main__:do_train:153 - Use EarlyStop
2024-07-31 23:38:54.347 | INFO     | __main__:do_train:82 - Build train dataset with 693441 samples and val dataset with 77050 samples
2024-07-31 23:38:54.348 | INFO     | __main__:do_train:97 - Build train dataloader with 10836 batches and val dataloader with 1204 batches
2024-07-31 23:38:57.677 | INFO     | __main__:do_train:153 - Use EarlyStop
2024-08-01 17:07:19.063 | INFO     | __main__:do_train:93 - Build train dataset with 693441 samples and val dataset with 77050 samples
2024-08-01 17:07:28.936 | INFO     | __main__:do_train:108 - Build train dataloader with 10836 batches and val dataloader with 1204 batches
2024-08-01 17:09:01.859 | INFO     | __main__:do_train:93 - Build train dataset with 693441 samples and val dataset with 77050 samples
2024-08-01 17:09:01.860 | INFO     | __main__:do_train:108 - Build train dataloader with 10836 batches and val dataloader with 1204 batches
2024-08-01 17:09:05.181 | INFO     | __main__:do_train:164 - Use EarlyStop
2024-08-01 17:10:06.255 | INFO     | __main__:do_train:93 - Build train dataset with 693441 samples and val dataset with 77050 samples
2024-08-01 17:10:06.256 | INFO     | __main__:do_train:108 - Build train dataloader with 10836 batches and val dataloader with 1204 batches
2024-08-01 17:10:09.594 | INFO     | __main__:do_train:164 - Use EarlyStop
2024-08-01 17:11:55.340 | INFO     | __main__:do_train:93 - Build train dataset with 693441 samples and val dataset with 77050 samples
2024-08-01 17:11:55.341 | INFO     | __main__:do_train:108 - Build train dataloader with 10836 batches and val dataloader with 1204 batches
2024-08-01 17:11:58.677 | INFO     | __main__:do_train:164 - Use EarlyStop
2024-08-01 17:14:52.368 | INFO     | __main__:do_train:94 - Build train dataset with 693441 samples and val dataset with 77050 samples
2024-08-01 17:14:52.369 | INFO     | __main__:do_train:109 - Build train dataloader with 10836 batches and val dataloader with 1204 batches
2024-08-01 17:14:55.696 | INFO     | __main__:do_train:165 - Use EarlyStop
2024-08-01 17:17:56.691 | INFO     | __main__:do_train:94 - Build train dataset with 693441 samples and val dataset with 77050 samples
2024-08-01 17:17:56.692 | INFO     | __main__:do_train:109 - Build train dataloader with 10836 batches and val dataloader with 1204 batches
2024-08-01 17:18:00.006 | INFO     | __main__:do_train:165 - Use EarlyStop
2024-08-01 17:22:59.593 | INFO     | __main__:do_train:95 - Build train dataset with 693441 samples and val dataset with 77050 samples
2024-08-01 17:22:59.594 | INFO     | __main__:do_train:110 - Build train dataloader with 10836 batches and val dataloader with 1204 batches
2024-08-01 17:23:02.870 | INFO     | __main__:do_train:166 - Use EarlyStop
2024-08-01 17:24:46.652 | INFO     | __main__:do_train:95 - Build train dataset with 693441 samples and val dataset with 77050 samples
2024-08-01 17:24:46.653 | INFO     | __main__:do_train:110 - Build train dataloader with 10836 batches and val dataloader with 1204 batches
2024-08-01 17:24:49.954 | INFO     | __main__:do_train:166 - Use EarlyStop
2024-08-01 17:31:31.079 | INFO     | __main__:do_train:95 - Build train dataset with 693441 samples and val dataset with 77050 samples
2024-08-01 17:31:31.080 | INFO     | __main__:do_train:110 - Build train dataloader with 10836 batches and val dataloader with 1204 batches
2024-08-01 17:31:59.446 | INFO     | __main__:do_train:95 - Build train dataset with 731966 samples and val dataset with 38525 samples
2024-08-01 17:31:59.447 | INFO     | __main__:do_train:110 - Build train dataloader with 11437 batches and val dataloader with 602 batches
2024-08-01 17:32:03.132 | INFO     | __main__:do_train:166 - Use EarlyStop
2024-08-01 17:36:16.342 | INFO     | __main__:do_train:95 - Build train dataset with 731966 samples and val dataset with 38525 samples
2024-08-01 17:36:16.343 | INFO     | __main__:do_train:110 - Build train dataloader with 11437 batches and val dataloader with 602 batches
2024-08-01 17:36:20.087 | INFO     | __main__:do_train:166 - Use EarlyStop
2024-08-01 17:40:29.921 | INFO     | __main__:do_train:95 - Build train dataset with 731966 samples and val dataset with 38525 samples
2024-08-01 17:40:29.922 | INFO     | __main__:do_train:110 - Build train dataloader with 11437 batches and val dataloader with 602 batches
2024-08-01 17:40:33.271 | INFO     | __main__:do_train:166 - Use EarlyStop
2024-08-01 17:45:23.510 | INFO     | __main__:do_train:95 - Build train dataset with 731966 samples and val dataset with 38525 samples
2024-08-01 17:45:23.512 | INFO     | __main__:do_train:110 - Build train dataloader with 11437 batches and val dataloader with 602 batches
2024-08-01 17:45:26.926 | INFO     | __main__:do_train:166 - Use EarlyStop
2024-08-01 18:08:20.358 | INFO     | __main__:do_train:95 - Build train dataset with 731966 samples and val dataset with 38525 samples
2024-08-01 18:08:24.370 | INFO     | __main__:do_train:95 - Build train dataset with 731966 samples and val dataset with 38525 samples
2024-08-01 18:09:15.010 | INFO     | __main__:do_train:95 - Build train dataset with 731966 samples and val dataset with 38525 samples
2024-08-01 18:09:18.962 | INFO     | __main__:do_train:95 - Build train dataset with 731966 samples and val dataset with 38525 samples
2024-08-01 18:12:01.551 | INFO     | __main__:do_train:95 - Build train dataset with 731966 samples and val dataset with 38525 samples
2024-08-01 18:12:04.109 | INFO     | __main__:do_train:110 - Build train dataloader with 5719 batches and val dataloader with 301 batches
2024-08-01 18:12:05.486 | INFO     | __main__:do_train:95 - Build train dataset with 731966 samples and val dataset with 38525 samples
2024-08-01 18:13:26.591 | INFO     | __main__:do_train:95 - Build train dataset with 731966 samples and val dataset with 38525 samples
2024-08-01 18:13:29.134 | INFO     | __main__:do_train:110 - Build train dataloader with 5719 batches and val dataloader with 301 batches
2024-08-01 18:13:30.076 | INFO     | __main__:do_train:166 - Use EarlyStop
2024-08-01 18:13:30.521 | INFO     | __main__:do_train:95 - Build train dataset with 731966 samples and val dataset with 38525 samples
2024-08-01 23:58:40.075 | INFO     | __main__:do_train:91 - Build train dataset with 731966 samples and val dataset with 38525 samples
2024-08-01 23:58:40.077 | INFO     | __main__:do_train:106 - Build train dataloader with 11437 batches and val dataloader with 602 batches
2024-08-01 23:59:37.246 | INFO     | __main__:do_train:91 - Build train dataset with 731966 samples and val dataset with 38525 samples
2024-08-01 23:59:37.248 | INFO     | __main__:do_train:106 - Build train dataloader with 11437 batches and val dataloader with 602 batches
2024-08-02 00:00:28.629 | INFO     | __main__:do_train:91 - Build train dataset with 731966 samples and val dataset with 38525 samples
2024-08-02 00:00:28.630 | INFO     | __main__:do_train:106 - Build train dataloader with 11437 batches and val dataloader with 602 batches
2024-08-02 00:01:05.877 | INFO     | __main__:do_train:172 - Use EarlyStop
2024-08-02 00:01:50.271 | INFO     | __main__:do_train:91 - Build train dataset with 731966 samples and val dataset with 38525 samples
2024-08-02 00:01:50.273 | INFO     | __main__:do_train:106 - Build train dataloader with 11437 batches and val dataloader with 602 batches
2024-08-02 00:01:53.245 | INFO     | __main__:do_train:172 - Use EarlyStop
2024-08-02 00:03:08.921 | INFO     | __main__:do_train:91 - Build train dataset with 731966 samples and val dataset with 38525 samples
2024-08-02 00:03:08.923 | INFO     | __main__:do_train:106 - Build train dataloader with 11437 batches and val dataloader with 602 batches
2024-08-02 00:03:11.896 | INFO     | __main__:do_train:172 - Use EarlyStop
2024-08-02 00:04:53.928 | INFO     | __main__:do_train:91 - Build train dataset with 731966 samples and val dataset with 38525 samples
2024-08-02 00:04:53.930 | INFO     | __main__:do_train:106 - Build train dataloader with 11437 batches and val dataloader with 602 batches
2024-08-02 00:04:56.890 | INFO     | __main__:do_train:172 - Use EarlyStop
2024-08-02 00:06:37.420 | INFO     | __main__:do_train:91 - Build train dataset with 731966 samples and val dataset with 38525 samples
2024-08-02 00:06:37.421 | INFO     | __main__:do_train:106 - Build train dataloader with 11437 batches and val dataloader with 602 batches
2024-08-02 00:06:40.398 | INFO     | __main__:do_train:172 - Use EarlyStop
2024-08-02 00:07:42.228 | INFO     | __main__:do_train:91 - Build train dataset with 731966 samples and val dataset with 38525 samples
2024-08-02 00:07:42.229 | INFO     | __main__:do_train:106 - Build train dataloader with 11437 batches and val dataloader with 602 batches
2024-08-02 00:07:45.185 | INFO     | __main__:do_train:172 - Use EarlyStop
2024-08-02 00:09:16.501 | INFO     | __main__:do_train:91 - Build train dataset with 731966 samples and val dataset with 38525 samples
2024-08-02 00:09:16.503 | INFO     | __main__:do_train:106 - Build train dataloader with 11437 batches and val dataloader with 602 batches
2024-08-02 00:09:19.508 | INFO     | __main__:do_train:172 - Use EarlyStop
2024-08-02 00:11:24.589 | INFO     | __main__:do_train:91 - Build train dataset with 731966 samples and val dataset with 38525 samples
2024-08-02 00:11:24.591 | INFO     | __main__:do_train:106 - Build train dataloader with 11437 batches and val dataloader with 602 batches
2024-08-02 00:11:27.561 | INFO     | __main__:do_train:172 - Use EarlyStop
2024-08-02 00:15:03.723 | INFO     | __main__:do_train:91 - Build train dataset with 731966 samples and val dataset with 38525 samples
2024-08-02 00:15:03.724 | INFO     | __main__:do_train:106 - Build train dataloader with 11437 batches and val dataloader with 602 batches
2024-08-02 00:15:06.860 | INFO     | __main__:do_train:172 - Use EarlyStop
2024-08-02 00:16:04.147 | INFO     | __main__:do_train:91 - Build train dataset with 731966 samples and val dataset with 38525 samples
2024-08-02 00:16:04.149 | INFO     | __main__:do_train:106 - Build train dataloader with 11437 batches and val dataloader with 602 batches
2024-08-02 00:16:07.174 | INFO     | __main__:do_train:172 - Use EarlyStop
2024-08-02 00:17:10.418 | INFO     | __main__:do_train:91 - Build train dataset with 731966 samples and val dataset with 38525 samples
2024-08-02 00:17:10.420 | INFO     | __main__:do_train:106 - Build train dataloader with 11437 batches and val dataloader with 602 batches
2024-08-02 00:17:13.551 | INFO     | __main__:do_train:172 - Use EarlyStop
2024-08-02 10:20:19.593 | INFO     | __main__:do_train:88 - Build train dataset with 731966 samples and val dataset with 38525 samples
2024-08-02 10:20:19.594 | INFO     | __main__:do_train:103 - Build train dataloader with 11437 batches and val dataloader with 602 batches
2024-08-02 10:20:22.753 | INFO     | __main__:do_train:169 - Use EarlyStop
2024-08-02 10:35:35.774 | INFO     | __main__:do_train:88 - Build train dataset with 731966 samples and val dataset with 38525 samples
2024-08-02 10:35:35.776 | INFO     | __main__:do_train:103 - Build train dataloader with 5719 batches and val dataloader with 301 batches
2024-08-02 10:35:38.967 | INFO     | __main__:do_train:169 - Use EarlyStop
2024-08-02 10:46:52.281 | INFO     | __main__:do_train:88 - Build train dataset with 731966 samples and val dataset with 38525 samples
2024-08-02 10:46:54.850 | INFO     | __main__:do_train:103 - Build train dataloader with 2860 batches and val dataloader with 151 batches
2024-08-02 10:46:55.568 | INFO     | __main__:do_train:169 - Use EarlyStop
2024-08-02 10:46:56.246 | INFO     | __main__:do_train:88 - Build train dataset with 731966 samples and val dataset with 38525 samples
2024-08-02 10:52:37.138 | INFO     | __main__:do_train:88 - Build train dataset with 731966 samples and val dataset with 38525 samples
2024-08-02 10:52:37.139 | INFO     | __main__:do_train:103 - Build train dataloader with 5719 batches and val dataloader with 301 batches
2024-08-02 10:55:23.546 | INFO     | __main__:do_train:88 - Build train dataset with 731966 samples and val dataset with 38525 samples
2024-08-02 10:55:23.546 | INFO     | __main__:do_train:103 - Build train dataloader with 5719 batches and val dataloader with 301 batches
2024-08-02 10:55:26.796 | INFO     | __main__:do_train:169 - Use EarlyStop
2024-08-02 11:05:03.564 | INFO     | __main__:do_train:88 - Build train dataset with 731966 samples and val dataset with 38525 samples
2024-08-02 11:05:03.565 | INFO     | __main__:do_train:103 - Build train dataloader with 5719 batches and val dataloader with 301 batches
2024-08-02 11:05:06.769 | INFO     | __main__:do_train:169 - Use EarlyStop
2024-08-02 11:08:40.189 | INFO     | __main__:do_train:88 - Build train dataset with 731966 samples and val dataset with 38525 samples
2024-08-02 11:08:40.189 | INFO     | __main__:do_train:103 - Build train dataloader with 5719 batches and val dataloader with 301 batches
2024-08-02 11:08:43.435 | INFO     | __main__:do_train:169 - Use EarlyStop
2024-08-02 11:09:28.417 | INFO     | __main__:do_train:88 - Build train dataset with 731966 samples and val dataset with 38525 samples
2024-08-02 11:09:31.019 | INFO     | __main__:do_train:103 - Build train dataloader with 2860 batches and val dataloader with 151 batches
2024-08-02 11:09:31.733 | INFO     | __main__:do_train:169 - Use EarlyStop
2024-08-02 11:09:32.388 | INFO     | __main__:do_train:88 - Build train dataset with 731966 samples and val dataset with 38525 samples
